c:\users\lehieu\desktop\project3\classlibrary\x64\debug\classlibrary.pch
c:\users\lehieu\desktop\project3\classlibrary\x64\debug\vc141.pdb
c:\users\lehieu\desktop\project3\classlibrary\x64\debug\pch.obj
c:\users\lehieu\desktop\project3\classlibrary\x64\debug\classlibrary.obj
c:\users\lehieu\desktop\project3\classlibrary\x64\debug\assemblyinfo.obj
c:\users\lehieu\desktop\project3\classlibrary\x64\debug\.netframework,version=v4.6.assemblyattributes.obj
c:\users\lehieu\desktop\project3\classlibrary\x64\debug\.netframework,version=v4.6.assemblyattributes.asm
c:\users\lehieu\source\repos\project3\debug\classlibrary.dll
c:\users\lehieu\source\repos\project3\debug\classlibrary.pdb
c:\users\lehieu\desktop\project3\debug\classlibrary.dll
c:\users\lehieu\desktop\project3\debug\classlibrary.pdb
c:\users\lehieu\desktop\project3\classlibrary\x64\debug\app.res
d:\xuly\project3\classlibrary\x64\debug\classlibrary.vcxprojassemblyreference.cache
d:\xuly\project3\classlibrary\x64\debug\.netframework,version=v4.6.assemblyattributes.obj
d:\xuly\project3\classlibrary\x64\debug\assemblyinfo.obj
d:\xuly\project3\classlibrary\x64\debug\classlibrary.obj
d:\xuly\project3\classlibrary\x64\debug\pch.obj
d:\xuly\project3\classlibrary\x64\debug\app.res
d:\xuly\project3\classlibrary\x64\debug\classlibrary.pch
d:\xuly\project3\classlibrary\x64\debug\vc141.pdb
d:\xuly\project3\classlibrary\..\debug\classlibrary.dll
d:\xuly\project3\classlibrary\x64\debug\classlibrary.tlog\cl.command.1.tlog
d:\xuly\project3\classlibrary\x64\debug\classlibrary.tlog\cl.read.1.tlog
d:\xuly\project3\classlibrary\x64\debug\classlibrary.tlog\cl.write.1.tlog
d:\xuly\project3\classlibrary\x64\debug\classlibrary.tlog\link.command.1.tlog
d:\xuly\project3\classlibrary\x64\debug\classlibrary.tlog\link.read.1.tlog
d:\xuly\project3\classlibrary\x64\debug\classlibrary.tlog\link.write.1.tlog
d:\xuly\project3\classlibrary\x64\debug\classlibrary.tlog\metagen.read.1.tlog
d:\xuly\project3\classlibrary\x64\debug\classlibrary.tlog\metagen.write.1.tlog
d:\xuly\project3\classlibrary\x64\debug\classlibrary.tlog\rc.command.1.tlog
d:\xuly\project3\classlibrary\x64\debug\classlibrary.tlog\rc.read.1.tlog
d:\xuly\project3\classlibrary\x64\debug\classlibrary.tlog\rc.write.1.tlog
